{"/Users/ahmedkhan/Documents/Tracker-Api/src/app.js": {"path":"/Users/ahmedkhan/Documents/Tracker-Api/src/app.js","statementMap":{"0":{"start":{"line":10,"column":0},"end":{"line":10,"column":32}},"1":{"start":{"line":13,"column":12},"end":{"line":13,"column":21}},"2":{"start":{"line":16,"column":0},"end":{"line":16,"column":52}},"3":{"start":{"line":17,"column":0},"end":{"line":17,"column":27}},"4":{"start":{"line":20,"column":0},"end":{"line":20,"column":16}},"5":{"start":{"line":23,"column":0},"end":{"line":23,"column":21}},"6":{"start":{"line":26,"column":0},"end":{"line":26,"column":20}},"7":{"start":{"line":29,"column":0},"end":{"line":29,"column":20}}},"fnMap":{},"branchMap":{},"s":{"0":1,"1":1,"2":1,"3":1,"4":1,"5":1,"6":1,"7":1},"f":{},"b":{},"_coverageSchema":"1a1c01bbd47fc00a2c39e90264f33305004495a9","hash":"1986eba09559a02804e607730b8571c8c7556081"}
,"/Users/ahmedkhan/Documents/Tracker-Api/src/models/user.js": {"path":"/Users/ahmedkhan/Documents/Tracker-Api/src/models/user.js","statementMap":{"0":{"start":{"line":3,"column":19},"end":{"line":24,"column":2}},"1":{"start":{"line":27,"column":18},"end":{"line":27,"column":52}}},"fnMap":{},"branchMap":{},"s":{"0":1,"1":1},"f":{},"b":{},"_coverageSchema":"1a1c01bbd47fc00a2c39e90264f33305004495a9","hash":"4084849b70ff98fa869fa4ab89b7fd25f530b8f5"}
,"/Users/ahmedkhan/Documents/Tracker-Api/src/responses/errorMessages.js": {"path":"/Users/ahmedkhan/Documents/Tracker-Api/src/responses/errorMessages.js","statementMap":{"0":{"start":{"line":2,"column":2},"end":{"line":9,"column":3}},"1":{"start":{"line":4,"column":6},"end":{"line":4,"column":49}},"2":{"start":{"line":6,"column":6},"end":{"line":6,"column":49}},"3":{"start":{"line":8,"column":6},"end":{"line":8,"column":49}}},"fnMap":{"0":{"name":"(anonymous_0)","decl":{"start":{"line":1,"column":15},"end":{"line":1,"column":16}},"loc":{"start":{"line":1,"column":30},"end":{"line":10,"column":1}},"line":1}},"branchMap":{"0":{"loc":{"start":{"line":2,"column":2},"end":{"line":9,"column":3}},"type":"switch","locations":[{"start":{"line":3,"column":4},"end":{"line":4,"column":49}},{"start":{"line":5,"column":4},"end":{"line":6,"column":49}},{"start":{"line":7,"column":4},"end":{"line":8,"column":49}}],"line":2}},"s":{"0":0,"1":0,"2":0,"3":0},"f":{"0":0},"b":{"0":[0,0,0]},"_coverageSchema":"1a1c01bbd47fc00a2c39e90264f33305004495a9","hash":"643bd2d2840082701611cba590880eddbb93cdbb"}
,"/Users/ahmedkhan/Documents/Tracker-Api/src/routes/controller.js": {"path":"/Users/ahmedkhan/Documents/Tracker-Api/src/routes/controller.js","statementMap":{"0":{"start":{"line":7,"column":15},"end":{"line":7,"column":31}},"1":{"start":{"line":9,"column":0},"end":{"line":11,"column":3}},"2":{"start":{"line":10,"column":2},"end":{"line":10,"column":43}},"3":{"start":{"line":13,"column":0},"end":{"line":19,"column":3}},"4":{"start":{"line":14,"column":19},"end":{"line":14,"column":39}},"5":{"start":{"line":15,"column":2},"end":{"line":17,"column":3}},"6":{"start":{"line":16,"column":4},"end":{"line":16,"column":47}},"7":{"start":{"line":18,"column":2},"end":{"line":18,"column":33}},"8":{"start":{"line":21,"column":0},"end":{"line":29,"column":3}},"9":{"start":{"line":22,"column":2},"end":{"line":28,"column":3}},"10":{"start":{"line":23,"column":4},"end":{"line":23,"column":47}},"11":{"start":{"line":25,"column":25},"end":{"line":25,"column":61}},"12":{"start":{"line":26,"column":17},"end":{"line":26,"column":45}},"13":{"start":{"line":27,"column":4},"end":{"line":27,"column":31}},"14":{"start":{"line":31,"column":0},"end":{"line":41,"column":3}},"15":{"start":{"line":32,"column":2},"end":{"line":40,"column":3}},"16":{"start":{"line":33,"column":4},"end":{"line":33,"column":47}},"17":{"start":{"line":35,"column":22},"end":{"line":35,"column":54}},"18":{"start":{"line":36,"column":21},"end":{"line":36,"column":52}},"19":{"start":{"line":37,"column":25},"end":{"line":37,"column":60}},"20":{"start":{"line":38,"column":17},"end":{"line":38,"column":72}},"21":{"start":{"line":39,"column":4},"end":{"line":39,"column":62}},"22":{"start":{"line":44,"column":0},"end":{"line":52,"column":3}},"23":{"start":{"line":45,"column":2},"end":{"line":51,"column":5}},"24":{"start":{"line":46,"column":4},"end":{"line":48,"column":5}},"25":{"start":{"line":47,"column":6},"end":{"line":47,"column":23}},"26":{"start":{"line":49,"column":4},"end":{"line":49,"column":22}},"27":{"start":{"line":50,"column":4},"end":{"line":50,"column":34}},"28":{"start":{"line":54,"column":0},"end":{"line":56,"column":3}},"29":{"start":{"line":55,"column":2},"end":{"line":55,"column":33}}},"fnMap":{"0":{"name":"(anonymous_0)","decl":{"start":{"line":9,"column":16},"end":{"line":9,"column":17}},"loc":{"start":{"line":9,"column":30},"end":{"line":11,"column":1}},"line":9},"1":{"name":"(anonymous_1)","decl":{"start":{"line":13,"column":21},"end":{"line":13,"column":22}},"loc":{"start":{"line":13,"column":41},"end":{"line":19,"column":1}},"line":13},"2":{"name":"(anonymous_2)","decl":{"start":{"line":21,"column":20},"end":{"line":21,"column":21}},"loc":{"start":{"line":21,"column":40},"end":{"line":29,"column":1}},"line":21},"3":{"name":"(anonymous_3)","decl":{"start":{"line":31,"column":21},"end":{"line":31,"column":22}},"loc":{"start":{"line":31,"column":41},"end":{"line":41,"column":1}},"line":31},"4":{"name":"(anonymous_4)","decl":{"start":{"line":44,"column":24},"end":{"line":44,"column":25}},"loc":{"start":{"line":44,"column":38},"end":{"line":52,"column":1}},"line":44},"5":{"name":"(anonymous_5)","decl":{"start":{"line":45,"column":42},"end":{"line":45,"column":43}},"loc":{"start":{"line":45,"column":57},"end":{"line":51,"column":3}},"line":45},"6":{"name":"(anonymous_6)","decl":{"start":{"line":54,"column":16},"end":{"line":54,"column":17}},"loc":{"start":{"line":54,"column":30},"end":{"line":56,"column":1}},"line":54}},"branchMap":{"0":{"loc":{"start":{"line":15,"column":2},"end":{"line":17,"column":3}},"type":"if","locations":[{"start":{"line":15,"column":2},"end":{"line":17,"column":3}},{"start":{"line":15,"column":2},"end":{"line":17,"column":3}}],"line":15},"1":{"loc":{"start":{"line":22,"column":2},"end":{"line":28,"column":3}},"type":"if","locations":[{"start":{"line":22,"column":2},"end":{"line":28,"column":3}},{"start":{"line":22,"column":2},"end":{"line":28,"column":3}}],"line":22},"2":{"loc":{"start":{"line":22,"column":6},"end":{"line":22,"column":81}},"type":"binary-expr","locations":[{"start":{"line":22,"column":6},"end":{"line":22,"column":30}},{"start":{"line":22,"column":34},"end":{"line":22,"column":81}}],"line":22},"3":{"loc":{"start":{"line":32,"column":2},"end":{"line":40,"column":3}},"type":"if","locations":[{"start":{"line":32,"column":2},"end":{"line":40,"column":3}},{"start":{"line":32,"column":2},"end":{"line":40,"column":3}}],"line":32},"4":{"loc":{"start":{"line":32,"column":6},"end":{"line":32,"column":104}},"type":"binary-expr","locations":[{"start":{"line":32,"column":6},"end":{"line":32,"column":29}},{"start":{"line":32,"column":33},"end":{"line":32,"column":104}}],"line":32},"5":{"loc":{"start":{"line":39,"column":15},"end":{"line":39,"column":49}},"type":"cond-expr","locations":[{"start":{"line":39,"column":32},"end":{"line":39,"column":43}},{"start":{"line":39,"column":46},"end":{"line":39,"column":49}}],"line":39},"6":{"loc":{"start":{"line":46,"column":4},"end":{"line":48,"column":5}},"type":"if","locations":[{"start":{"line":46,"column":4},"end":{"line":48,"column":5}},{"start":{"line":46,"column":4},"end":{"line":48,"column":5}}],"line":46}},"s":{"0":1,"1":1,"2":1,"3":1,"4":0,"5":0,"6":0,"7":0,"8":1,"9":0,"10":0,"11":0,"12":0,"13":0,"14":1,"15":0,"16":0,"17":0,"18":0,"19":0,"20":0,"21":0,"22":1,"23":0,"24":0,"25":0,"26":0,"27":0,"28":1,"29":0},"f":{"0":1,"1":0,"2":0,"3":0,"4":0,"5":0,"6":0},"b":{"0":[0,0],"1":[0,0],"2":[0,0],"3":[0,0],"4":[0,0],"5":[0,0],"6":[0,0]},"_coverageSchema":"1a1c01bbd47fc00a2c39e90264f33305004495a9","hash":"f974714978fac27a2b84e3945211c3babaf98f7c"}
,"/Users/ahmedkhan/Documents/Tracker-Api/src/services/service.js": {"path":"/Users/ahmedkhan/Documents/Tracker-Api/src/services/service.js","statementMap":{"0":{"start":{"line":4,"column":28},"end":{"line":4,"column":58}},"1":{"start":{"line":4,"column":40},"end":{"line":4,"column":58}},"2":{"start":{"line":6,"column":24},"end":{"line":6,"column":80}},"3":{"start":{"line":6,"column":48},"end":{"line":6,"column":80}},"4":{"start":{"line":8,"column":26},"end":{"line":18,"column":1}},"5":{"start":{"line":9,"column":2},"end":{"line":17,"column":3}},"6":{"start":{"line":10,"column":4},"end":{"line":10,"column":40}},"7":{"start":{"line":13,"column":4},"end":{"line":15,"column":5}},"8":{"start":{"line":14,"column":6},"end":{"line":14,"column":34}},"9":{"start":{"line":16,"column":4},"end":{"line":16,"column":32}}},"fnMap":{"0":{"name":"(anonymous_0)","decl":{"start":{"line":4,"column":28},"end":{"line":4,"column":29}},"loc":{"start":{"line":4,"column":40},"end":{"line":4,"column":58}},"line":4},"1":{"name":"(anonymous_1)","decl":{"start":{"line":6,"column":24},"end":{"line":6,"column":25}},"loc":{"start":{"line":6,"column":48},"end":{"line":6,"column":80}},"line":6},"2":{"name":"(anonymous_2)","decl":{"start":{"line":8,"column":26},"end":{"line":8,"column":27}},"loc":{"start":{"line":8,"column":42},"end":{"line":18,"column":1}},"line":8}},"branchMap":{"0":{"loc":{"start":{"line":13,"column":4},"end":{"line":15,"column":5}},"type":"if","locations":[{"start":{"line":13,"column":4},"end":{"line":15,"column":5}},{"start":{"line":13,"column":4},"end":{"line":15,"column":5}}],"line":13},"1":{"loc":{"start":{"line":13,"column":8},"end":{"line":13,"column":55}},"type":"binary-expr","locations":[{"start":{"line":13,"column":8},"end":{"line":13,"column":33}},{"start":{"line":13,"column":37},"end":{"line":13,"column":55}}],"line":13}},"s":{"0":1,"1":0,"2":1,"3":0,"4":1,"5":0,"6":0,"7":0,"8":0,"9":0},"f":{"0":0,"1":0,"2":0},"b":{"0":[0,0],"1":[0,0]},"_coverageSchema":"1a1c01bbd47fc00a2c39e90264f33305004495a9","hash":"0357510eebe50eac24467d848523fd0de428a400"}
,"/Users/ahmedkhan/Documents/Tracker-Api/src/utils/index.js": {"path":"/Users/ahmedkhan/Documents/Tracker-Api/src/utils/index.js","statementMap":{"0":{"start":{"line":1,"column":29},"end":{"line":1,"column":70}},"1":{"start":{"line":1,"column":38},"end":{"line":1,"column":70}},"2":{"start":{"line":3,"column":34},"end":{"line":8,"column":1}},"3":{"start":{"line":4,"column":2},"end":{"line":6,"column":3}},"4":{"start":{"line":4,"column":15},"end":{"line":4,"column":16}},"5":{"start":{"line":5,"column":4},"end":{"line":5,"column":39}},"6":{"start":{"line":5,"column":27},"end":{"line":5,"column":39}},"7":{"start":{"line":7,"column":2},"end":{"line":7,"column":15}}},"fnMap":{"0":{"name":"(anonymous_0)","decl":{"start":{"line":1,"column":29},"end":{"line":1,"column":30}},"loc":{"start":{"line":1,"column":38},"end":{"line":1,"column":70}},"line":1},"1":{"name":"(anonymous_1)","decl":{"start":{"line":3,"column":34},"end":{"line":3,"column":35}},"loc":{"start":{"line":3,"column":49},"end":{"line":8,"column":1}},"line":3}},"branchMap":{"0":{"loc":{"start":{"line":5,"column":4},"end":{"line":5,"column":39}},"type":"if","locations":[{"start":{"line":5,"column":4},"end":{"line":5,"column":39}},{"start":{"line":5,"column":4},"end":{"line":5,"column":39}}],"line":5}},"s":{"0":2,"1":2,"2":2,"3":2,"4":2,"5":7,"6":1,"7":1},"f":{"0":2,"1":2},"b":{"0":[1,6]},"_coverageSchema":"1a1c01bbd47fc00a2c39e90264f33305004495a9","hash":"0be34b40a1ed91049ac32c3dc9a4750efe326273"}
}
